<?xml version="1.0" encoding="UTF-8" ?>
<testsuite tests="5" failures="0" name="CommandTest" time="0.003" errors="0" skipped="0">
  <properties>
[...]
</properties>
  <testcase classname="CommandTest" name="getInputFilePath" time="0.003"/>
  <testcase classname="CommandTest" name="getRangeFrom" time="0"/>
  <testcase classname="CommandTest" name="getMode" time="0"/>
  <testcase classname="CommandTest" name="getOutputFilePath" time="0"/>
  <testcase classname="CommandTest" name="getRangeTo" time="0"/>
</testsuite>